[debug] [2023-02-12T14:46:41.042Z] ----------------------------------------------------------------------
[debug] [2023-02-12T14:46:41.043Z] Command:       C:\Program Files\nodejs\node.exe C:\Users\M.Guru Rathinavel\AppData\Roaming\npm\node_modules\firebase-tools\lib\bin\firebase.js init
[debug] [2023-02-12T14:46:41.044Z] CLI Version:   11.22.0
[debug] [2023-02-12T14:46:41.044Z] Platform:      win32
[debug] [2023-02-12T14:46:41.044Z] Node Version:  v16.17.1
[debug] [2023-02-12T14:46:41.046Z] Time:          Sun Feb 12 2023 20:16:41 GMT+0530 (India Standard Time)
[debug] [2023-02-12T14:46:41.048Z] ----------------------------------------------------------------------
[debug] 
[debug] [2023-02-12T14:46:41.142Z] > command requires scopes: ["email","openid","https://www.googleapis.com/auth/cloudplatformprojects.readonly","https://www.googleapis.com/auth/firebase","https://www.googleapis.com/auth/cloud-platform"]
[debug] [2023-02-12T14:46:41.143Z] > authorizing via signed-in user (20207@slcs.edu.in)
[info] 
     ######## #### ########  ######## ########     ###     ######  ########
     ##        ##  ##     ## ##       ##     ##  ##   ##  ##       ##
     ######    ##  ########  ######   ########  #########  ######  ######
     ##        ##  ##    ##  ##       ##     ## ##     ##       ## ##
     ##       #### ##     ## ######## ########  ##     ##  ######  ########

You're about to initialize a Firebase project in this directory:

  C:\Users\M.Guru Rathinavel

Before we get started, keep in mind:

  * You are initializing within an existing Firebase project directory

[info] 
=== Project Setup
[info] 
[info] First, let's associate this project directory with a Firebase project.
[info] You can create multiple project aliases by running firebase use --add, 
[info] but for now we'll just set up a default project.
[info] 
[debug] [2023-02-12T14:46:53.752Z] Using project from CLI flag: studentdetails-40100
[debug] [2023-02-12T14:46:53.755Z] >>> [apiv2][query] GET https://firebase.googleapis.com/v1beta1/projects/studentdetails-40100 [none]
[debug] [2023-02-12T14:46:53.785Z] Failed to make request to https://firebase.googleapis.com/v1beta1/projects/studentdetails-40100
[debug] [2023-02-12T14:46:53.788Z] FirebaseError: Failed to make request to https://firebase.googleapis.com/v1beta1/projects/studentdetails-40100
    at RetryOperation._fn (C:\Users\M.Guru Rathinavel\AppData\Roaming\npm\node_modules\firebase-tools\lib\apiv2.js:242:31)
    at processTicksAndRejections (node:internal/process/task_queues:96:5)
[error] 
[error] Error: Failed to get Firebase project studentdetails-40100. Please make sure the project exists and your account has permission to access it.
