[debug] [2023-02-12T15:21:16.565Z] ----------------------------------------------------------------------
[debug] [2023-02-12T15:21:16.567Z] Command:       C:\Program Files\nodejs\node.exe C:\Users\M.Guru Rathinavel\AppData\Roaming\npm\node_modules\firebase-tools\lib\bin\firebase.js init
[debug] [2023-02-12T15:21:16.567Z] CLI Version:   11.22.0
[debug] [2023-02-12T15:21:16.567Z] Platform:      win32
[debug] [2023-02-12T15:21:16.567Z] Node Version:  v16.17.1
[debug] [2023-02-12T15:21:16.569Z] Time:          Sun Feb 12 2023 20:51:16 GMT+0530 (India Standard Time)
[debug] [2023-02-12T15:21:16.569Z] ----------------------------------------------------------------------
[debug] 
[debug] [2023-02-12T15:21:16.634Z] > command requires scopes: ["email","openid","https://www.googleapis.com/auth/cloudplatformprojects.readonly","https://www.googleapis.com/auth/firebase","https://www.googleapis.com/auth/cloud-platform"]
[debug] [2023-02-12T15:21:16.634Z] > authorizing via signed-in user (20207@slcs.edu.in)
[info] 
     ######## #### ########  ######## ########     ###     ######  ########
     ##        ##  ##     ## ##       ##     ##  ##   ##  ##       ##
     ######    ##  ########  ######   ########  #########  ######  ######
     ##        ##  ##    ##  ##       ##     ## ##     ##       ## ##
     ##       #### ##     ## ######## ########  ##     ##  ######  ########

You're about to initialize a Firebase project in this directory:

  C:\Users\M.Guru Rathinavel

Before we get started, keep in mind:

  * You are initializing within an existing Firebase project directory

[info] 
=== Project Setup
[info] 
[info] First, let's associate this project directory with a Firebase project.
[info] You can create multiple project aliases by running firebase use --add, 
[info] but for now we'll just set up a default project.
[info] 
[debug] [2023-02-12T15:21:32.514Z] Using project from CLI flag: studentdetails-40100
[debug] [2023-02-12T15:21:32.517Z] >>> [apiv2][query] GET https://firebase.googleapis.com/v1beta1/projects/studentdetails-40100 [none]
[debug] [2023-02-12T15:21:36.138Z] <<< [apiv2][status] GET https://firebase.googleapis.com/v1beta1/projects/studentdetails-40100 200
[debug] [2023-02-12T15:21:36.138Z] <<< [apiv2][body] GET https://firebase.googleapis.com/v1beta1/projects/studentdetails-40100 {"projectId":"studentdetails-40100","projectNumber":"739663421814","displayName":"StudentDetails","name":"projects/studentdetails-40100","resources":{"hostingSite":"studentdetails-40100"},"state":"ACTIVE","etag":"1_5219db42-e9e3-46a8-9b56-b9160df37871"}
[info] i  Using project studentdetails-40100 (StudentDetails) 
[info] 
=== Hosting Setup
[info] 
[info] Your public directory is the folder (relative to your project directory) that
[info] will contain Hosting assets to be uploaded with firebase deploy. If you
[info] have a build process for your assets, use your build's output directory.
[info] 
